
Eugene Testing Report
Sat Nov 26 09:02:16 PST 2016
=========================================

Check node Arity ... ok
Check node attributes ... ok
Check node leafiness ... ok
Check node numbers ... ok
Check node string printing ... ok
Generate 500 random nodes ... ok
Generate 500 random trees ... ok
Check tree edge list ... ok
Check tree node list ... ok
Check tree attributes ... ok
Check tree get node ... ok
Check tree pruning ... ok
Check tree set node ... ok
Check tree string ... ok
Run the progress bar ... ok
Test that RMSE is calculated ... ok
Test that RMSE fails when wrong data type is passed ... ok
Test that RMSE fails when NaN is present ... ok
Test that RMSE fails when shapes do not match ... ok

Name                   Stmts   Miss Branch BrPart  Cover
--------------------------------------------------------
eugene/Node.py            78      2     30      4    94%
eugene/Primatives.py      93     17      7      0    81%
eugene/Tree.py            91      1     26      2    97%
eugene/Util.py            37      0      2      0   100%
eugene.py                 12      0      0      0   100%
--------------------------------------------------------
TOTAL                    311     20     65      6    93%
----------------------------------------------------------------------
Ran 19 tests in 0.077s

OK
