
Eugene Testing Report
Sat Nov 26 15:26:18 PST 2016
=========================================

Check Individual size ... ok
Evaluate Gene Expression ... ok
Test individual mutation ... ok
Test individual mutation with pruning ... ok
Test individual crossover ... ok
Check individual display string ... ok
Check node numbers ... ok
Check node string printing ... ok
Check node Arity ... ok
Check node leafiness ... ok
Check node attributes ... ok
Generate 500 random nodes ... ok
Generate 500 random trees ... ok
Check tree string ... ok
Check tree node list ... ok
Check tree edge list ... ok
Check tree attributes ... ok
Evaluate Tree expression ... ok
Check tree get node ... ok
Check tree set node ... ok
Check tree pruning ... ok
Test that RMSE is calculated ... ok
Test that RMSE fails when shapes do not match ... ok
Test that RMSE fails when NaN is present ... ok
Test that RMSE fails when wrong data type is passed ... ok
Run the progress bar ... ok

Name                   Stmts   Miss Branch BrPart  Cover
--------------------------------------------------------
eugene/Config.py           3      0      0      0   100%
eugene/Individual.py      59      1     16      2    96%
eugene/Node.py            81      1     32      3    96%
eugene/Population.py     186    157     34      0    13%
eugene/Primatives.py      96     16      2      0    82%
eugene/Tree.py            92      1     26      1    98%
eugene/Util.py            37      0      2      0   100%
eugene.py                 12      0      0      0   100%
--------------------------------------------------------
TOTAL                    566    176    112      6    68%
----------------------------------------------------------------------
Ran 26 tests in 0.090s

OK
