
Eugene Testing Report
Sat Nov 26 08:50:34 PST 2016
=========================================

Check node Arity ... ok
Check node attributes ... ok
Check node leafiness ... ok
Check node numbers ... ok
Check node string printing ... ok
Generate 500 random trees ... ok
Generate 100 random trees ... ok
Check tree edge list ... ok
Check tree node list ... ok
Check tree attributes ... ok
Check tree pruning ... ok
Check tree string ... ok
Run the progress bar ... ok
Test that RMSE is calculated ... ok
Test that RMSE fails when wrong data type is passed ... ok
Test that RMSE fails when NaN is present ... ok
Test that RMSE fails when shapes do not match ... ok

Name                   Stmts   Miss Branch BrPart  Cover
--------------------------------------------------------
eugene/Node.py            78      4     30      4    91%
eugene/Primatives.py      93     17      7      0    81%
eugene/Tree.py            91     14     26      1    79%
eugene/Util.py            37      0      2      0   100%
eugene.py                 12      0      0      0   100%
--------------------------------------------------------
TOTAL                    311     35     65      5    86%
----------------------------------------------------------------------
Ran 17 tests in 0.085s

OK
